[20:40:25] [Datafixer Bootstrap/INFO]: 287 Datafixer optimizations took 220 milliseconds
[20:40:27] [Render thread/INFO]: Environment: Environment[sessionHost=https://sessionserver.mojang.com, servicesHost=https://api.minecraftservices.com, profilesHost=https://api.mojang.com, name=PROD]
[20:40:27] [Render thread/INFO]: Setting user: darkwarro
[20:40:27] [Render thread/INFO]: Backend library: LWJGL version 3.3.3+5
[20:40:27] [Render thread/WARN]: Detected unexpected shutdown during last game startup: resetting fullscreen mode
[20:40:28] [Render thread/INFO]: Using optional rendering extensions: GL_ARB_buffer_storage, GL_KHR_debug, GL_ARB_vertex_attrib_binding, GL_ARB_direct_state_access, GL_EXT_texture_filter_anisotropic
[20:40:28] [Render thread/INFO]: Reloading ResourceManager: vanilla
[20:40:28] [Worker-Main-16/INFO]: Found unifont_all_no_pua-17.0.01.hex, loading
[20:40:28] [Worker-Main-9/INFO]: Found unifont_pua-17.0.01.hex, loading
[20:40:28] [Worker-Main-19/INFO]: Found unifont_jp_patch-17.0.01.hex, loading
[20:40:29] [Render thread/INFO]: OpenAL initialized on device Built-in Audio Analog Stereo
[20:40:29] [Render thread/INFO]: Sound engine started
[20:40:29] [Render thread/INFO]: Created: 512x256x0 minecraft:textures/atlas/particles.png-atlas
[20:40:29] [Render thread/INFO]: Created: 128x128x0 minecraft:textures/atlas/decorated_pot.png-atlas
[20:40:29] [Render thread/INFO]: Created: 2048x1024x0 minecraft:textures/atlas/armor_trims.png-atlas
[20:40:29] [Render thread/INFO]: Created: 512x256x0 minecraft:textures/atlas/paintings.png-atlas
[20:40:29] [Render thread/INFO]: Created: 1024x512x0 minecraft:textures/atlas/shield_patterns.png-atlas
[20:40:29] [Render thread/INFO]: Created: 2048x2048x4 minecraft:textures/atlas/blocks.png-atlas
[20:40:29] [Render thread/INFO]: Created: 512x512x0 minecraft:textures/atlas/chest.png-atlas
[20:40:29] [Render thread/INFO]: Created: 256x128x0 minecraft:textures/atlas/celestials.png-atlas
[20:40:29] [Render thread/INFO]: Created: 1024x512x0 minecraft:textures/atlas/banner_patterns.png-atlas
[20:40:29] [Render thread/INFO]: Created: 512x512x0 minecraft:textures/atlas/beds.png-atlas
[20:40:29] [Render thread/INFO]: Created: 1024x512x0 minecraft:textures/atlas/items.png-atlas
[20:40:29] [Render thread/INFO]: Created: 1024x1024x0 minecraft:textures/atlas/gui.png-atlas
[20:40:29] [Render thread/INFO]: Created: 128x64x0 minecraft:textures/atlas/map_decorations.png-atlas
[20:40:29] [Render thread/INFO]: Created: 512x256x0 minecraft:textures/atlas/signs.png-atlas
[20:40:29] [Render thread/INFO]: Created: 512x512x0 minecraft:textures/atlas/shulker_boxes.png-atlas
[20:40:35] [Render thread/ERROR]: ########## GL ERROR ##########
[20:40:35] [Render thread/ERROR]: @ Render
[20:40:35] [Render thread/ERROR]: 65547: X11: Standard cursor shape unavailable
[20:40:37] [Render thread/ERROR]: Couldn't load tag minilegends:enchantable/sonic_x as it is missing following references: #minecraft:enchantable/sword (from file/MiniLegends)
[20:40:37] [Render thread/ERROR]: Registry loading errors:
> Errors in registry minecraft:enchantment:
>> Errors in element minilegends:sonic_x:
java.lang.IllegalStateException: Failed to parse minilegends:enchantment/sonic_x.json from pack file/MiniLegends
	at amp.a(SourceFile:329)
	at amp$a.a(SourceFile:121)
	at amp.a(SourceFile:201)
	at amp.a(SourceFile:220)
	at java.base/java.lang.Iterable.forEach(Iterable.java:75)
	at amp.a(SourceFile:220)
	at amp.a(SourceFile:201)
	at anr.a(SourceFile:42)
	at gyk.a(SourceFile:183)
	at gyk.a(SourceFile:138)
	at gyk.a(SourceFile:324)
	at gyk.a(SourceFile:314)
	at gyk.a(SourceFile:279)
	at gyk.a(SourceFile:245)
	at gyl$f.e(SourceFile:526)
	at gyl$f.a(SourceFile:491)
	at gml.a(SourceFile:46)
	at giv.a(SourceFile:54)
	at gml.a(SourceFile:46)
	at gfk.a(SourceFile:122)
	at gfk.b(SourceFile:244)
	at cbr.d(SourceFile:169)
	at cbv.d(SourceFile:23)
	at cbr.execute(SourceFile:111)
	at gfk.a(SourceFile:244)
	at org.lwjgl.glfw.GLFWMouseButtonCallbackI.callback(GLFWMouseButtonCallbackI.java:43)
	at org.lwjgl.system.JNI.invokeV(Native Method)
	at org.lwjgl.glfw.GLFW.glfwWaitEventsTimeout(GLFW.java:3509)
	at com.mojang.blaze3d.systems.RenderSystem.limitDisplayFPS(SourceFile:156)
	at gfj.d(SourceFile:1414)
	at gfj.j(SourceFile:966)
	at net.minecraft.client.main.Main.main(SourceFile:250)
Caused by: java.lang.IllegalStateException: Value must be within range [1;1024]: 0; Missing tag: 'minilegends:enchantable/sonic_x' in 'minecraft:item'; Missing tag: 'minilegends:enchantable/sonic_x' in 'minecraft:item'
	at com.mojang.serialization.DataResult$Error.getOrThrow(DataResult.java:287)
	at com.mojang.serialization.DataResult.getOrThrow(DataResult.java:81)
	at amp.a(SourceFile:311)
	at amp.a(SourceFile:327)
	... 31 more
>> Errors in element minilegends:terror_x:
java.lang.IllegalStateException: Failed to parse minilegends:enchantment/terror_x.json from pack file/MiniLegends
	at amp.a(SourceFile:329)
	at amp$a.a(SourceFile:121)
	at amp.a(SourceFile:201)
	at amp.a(SourceFile:220)
	at java.base/java.lang.Iterable.forEach(Iterable.java:75)
	at amp.a(SourceFile:220)
	at amp.a(SourceFile:201)
	at anr.a(SourceFile:42)
	at gyk.a(SourceFile:183)
	at gyk.a(SourceFile:138)
	at gyk.a(SourceFile:324)
	at gyk.a(SourceFile:314)
	at gyk.a(SourceFile:279)
	at gyk.a(SourceFile:245)
	at gyl$f.e(SourceFile:526)
	at gyl$f.a(SourceFile:491)
	at gml.a(SourceFile:46)
	at giv.a(SourceFile:54)
	at gml.a(SourceFile:46)
	at gfk.a(SourceFile:122)
	at gfk.b(SourceFile:244)
	at cbr.d(SourceFile:169)
	at cbv.d(SourceFile:23)
	at cbr.execute(SourceFile:111)
	at gfk.a(SourceFile:244)
	at org.lwjgl.glfw.GLFWMouseButtonCallbackI.callback(GLFWMouseButtonCallbackI.java:43)
	at org.lwjgl.system.JNI.invokeV(Native Method)
	at org.lwjgl.glfw.GLFW.glfwWaitEventsTimeout(GLFW.java:3509)
	at com.mojang.blaze3d.systems.RenderSystem.limitDisplayFPS(SourceFile:156)
	at gfj.d(SourceFile:1414)
	at gfj.j(SourceFile:966)
	at net.minecraft.client.main.Main.main(SourceFile:250)
Caused by: java.lang.IllegalStateException: Value must be within range [1;1024]: 0
	at com.mojang.serialization.DataResult$Error.getOrThrow(DataResult.java:287)
	at com.mojang.serialization.DataResult.getOrThrow(DataResult.java:81)
	at amp.a(SourceFile:311)
	at amp.a(SourceFile:327)
	... 31 more

[20:40:38] [Render thread/WARN]: Failed to load level data or datapacks, can't proceed with server load
java.util.concurrent.ExecutionException: v: Registry Loading
	at java.base/java.util.concurrent.CompletableFuture.reportGet(CompletableFuture.java:396)
	at java.base/java.util.concurrent.CompletableFuture.get(CompletableFuture.java:2073)
	at gyk.a(SourceFile:185)
	at gyk.a(SourceFile:138)
	at gyk.a(SourceFile:324)
	at gyk.a(SourceFile:314)
	at gyk.a(SourceFile:279)
	at gyk.a(SourceFile:245)
	at gyl$f.e(SourceFile:526)
	at gyl$f.a(SourceFile:491)
	at gml.a(SourceFile:46)
	at giv.a(SourceFile:54)
	at gml.a(SourceFile:46)
	at gfk.a(SourceFile:122)
	at gfk.b(SourceFile:244)
	at cbr.d(SourceFile:169)
	at cbv.d(SourceFile:23)
	at cbr.execute(SourceFile:111)
	at gfk.a(SourceFile:244)
	at org.lwjgl.glfw.GLFWMouseButtonCallbackI.callback(GLFWMouseButtonCallbackI.java:43)
	at org.lwjgl.system.JNI.invokeV(Native Method)
	at org.lwjgl.glfw.GLFW.glfwWaitEventsTimeout(GLFW.java:3509)
	at com.mojang.blaze3d.systems.RenderSystem.limitDisplayFPS(SourceFile:156)
	at gfj.d(SourceFile:1414)
	at gfj.j(SourceFile:966)
	at net.minecraft.client.main.Main.main(SourceFile:250)
Caused by: v: Registry Loading
	at amp.c(SourceFile:304)
	at amp.a(SourceFile:269)
	at amp.a(SourceFile:236)
	at amp.a(SourceFile:201)
	at anr.a(SourceFile:42)
	at gyk.a(SourceFile:183)
	... 23 more
Caused by: java.lang.IllegalStateException: Failed to load registries due to errors
	at amp.c(SourceFile:288)
	... 28 more
[20:43:27] [Render thread/ERROR]: Couldn't load tag minilegends:enchantable/sonic_x as it is missing following references: #minecraft:enchantable/sword (from file/MiniLegends)
[20:43:27] [Render thread/ERROR]: Registry loading errors:
> Errors in registry minecraft:enchantment:
>> Errors in element minilegends:sonic_x:
java.lang.IllegalStateException: Failed to parse minilegends:enchantment/sonic_x.json from pack file/MiniLegends
	at amp.a(SourceFile:329)
	at amp$a.a(SourceFile:121)
	at amp.a(SourceFile:201)
	at amp.a(SourceFile:220)
	at java.base/java.lang.Iterable.forEach(Iterable.java:75)
	at amp.a(SourceFile:220)
	at amp.a(SourceFile:201)
	at anr.a(SourceFile:42)
	at gyk.a(SourceFile:183)
	at gyk.a(SourceFile:138)
	at gyk.a(SourceFile:324)
	at gyk.a(SourceFile:314)
	at gyk.a(SourceFile:279)
	at gyk.a(SourceFile:245)
	at gyl$f.e(SourceFile:526)
	at java.base/java.util.Optional.ifPresent(Optional.java:178)
	at gyf.a(SourceFile:88)
	at gje.a(SourceFile:109)
	at giu.b(SourceFile:53)
	at gjc.a(SourceFile:122)
	at gml.a(SourceFile:46)
	at gfk.a(SourceFile:122)
	at gfk.b(SourceFile:244)
	at cbr.d(SourceFile:169)
	at cbv.d(SourceFile:23)
	at cbr.execute(SourceFile:111)
	at gfk.a(SourceFile:244)
	at org.lwjgl.glfw.GLFWMouseButtonCallbackI.callback(GLFWMouseButtonCallbackI.java:43)
	at org.lwjgl.system.JNI.invokeV(Native Method)
	at org.lwjgl.glfw.GLFW.glfwWaitEventsTimeout(GLFW.java:3509)
	at com.mojang.blaze3d.systems.RenderSystem.limitDisplayFPS(SourceFile:156)
	at gfj.d(SourceFile:1414)
	at gfj.j(SourceFile:966)
	at net.minecraft.client.main.Main.main(SourceFile:250)
Caused by: java.lang.IllegalStateException: Value must be within range [1;1024]: 0; Missing tag: 'minilegends:enchantable/sonic_x' in 'minecraft:item'; Missing tag: 'minilegends:enchantable/sonic_x' in 'minecraft:item'
	at com.mojang.serialization.DataResult$Error.getOrThrow(DataResult.java:287)
	at com.mojang.serialization.DataResult.getOrThrow(DataResult.java:81)
	at amp.a(SourceFile:311)
	at amp.a(SourceFile:327)
	... 33 more
>> Errors in element minilegends:terror_x:
java.lang.IllegalStateException: Failed to parse minilegends:enchantment/terror_x.json from pack file/MiniLegends
	at amp.a(SourceFile:329)
	at amp$a.a(SourceFile:121)
	at amp.a(SourceFile:201)
	at amp.a(SourceFile:220)
	at java.base/java.lang.Iterable.forEach(Iterable.java:75)
	at amp.a(SourceFile:220)
	at amp.a(SourceFile:201)
	at anr.a(SourceFile:42)
	at gyk.a(SourceFile:183)
	at gyk.a(SourceFile:138)
	at gyk.a(SourceFile:324)
	at gyk.a(SourceFile:314)
	at gyk.a(SourceFile:279)
	at gyk.a(SourceFile:245)
	at gyl$f.e(SourceFile:526)
	at java.base/java.util.Optional.ifPresent(Optional.java:178)
	at gyf.a(SourceFile:88)
	at gje.a(SourceFile:109)
	at giu.b(SourceFile:53)
	at gjc.a(SourceFile:122)
	at gml.a(SourceFile:46)
	at gfk.a(SourceFile:122)
	at gfk.b(SourceFile:244)
	at cbr.d(SourceFile:169)
	at cbv.d(SourceFile:23)
	at cbr.execute(SourceFile:111)
	at gfk.a(SourceFile:244)
	at org.lwjgl.glfw.GLFWMouseButtonCallbackI.callback(GLFWMouseButtonCallbackI.java:43)
	at org.lwjgl.system.JNI.invokeV(Native Method)
	at org.lwjgl.glfw.GLFW.glfwWaitEventsTimeout(GLFW.java:3509)
	at com.mojang.blaze3d.systems.RenderSystem.limitDisplayFPS(SourceFile:156)
	at gfj.d(SourceFile:1414)
	at gfj.j(SourceFile:966)
	at net.minecraft.client.main.Main.main(SourceFile:250)
Caused by: java.lang.IllegalStateException: Value must be within range [1;1024]: 0
	at com.mojang.serialization.DataResult$Error.getOrThrow(DataResult.java:287)
	at com.mojang.serialization.DataResult.getOrThrow(DataResult.java:81)
	at amp.a(SourceFile:311)
	at amp.a(SourceFile:327)
	... 33 more

[20:43:27] [Render thread/WARN]: Failed to load level data or datapacks, can't proceed with server load
java.util.concurrent.ExecutionException: v: Registry Loading
	at java.base/java.util.concurrent.CompletableFuture.reportGet(CompletableFuture.java:396)
	at java.base/java.util.concurrent.CompletableFuture.get(CompletableFuture.java:2073)
	at gyk.a(SourceFile:185)
	at gyk.a(SourceFile:138)
	at gyk.a(SourceFile:324)
	at gyk.a(SourceFile:314)
	at gyk.a(SourceFile:279)
	at gyk.a(SourceFile:245)
	at gyl$f.e(SourceFile:526)
	at java.base/java.util.Optional.ifPresent(Optional.java:178)
	at gyf.a(SourceFile:88)
	at gje.a(SourceFile:109)
	at giu.b(SourceFile:53)
	at gjc.a(SourceFile:122)
	at gml.a(SourceFile:46)
	at gfk.a(SourceFile:122)
	at gfk.b(SourceFile:244)
	at cbr.d(SourceFile:169)
	at cbv.d(SourceFile:23)
	at cbr.execute(SourceFile:111)
	at gfk.a(SourceFile:244)
	at org.lwjgl.glfw.GLFWMouseButtonCallbackI.callback(GLFWMouseButtonCallbackI.java:43)
	at org.lwjgl.system.JNI.invokeV(Native Method)
	at org.lwjgl.glfw.GLFW.glfwWaitEventsTimeout(GLFW.java:3509)
	at com.mojang.blaze3d.systems.RenderSystem.limitDisplayFPS(SourceFile:156)
	at gfj.d(SourceFile:1414)
	at gfj.j(SourceFile:966)
	at net.minecraft.client.main.Main.main(SourceFile:250)
Caused by: v: Registry Loading
	at amp.c(SourceFile:304)
	at amp.a(SourceFile:269)
	at amp.a(SourceFile:236)
	at amp.a(SourceFile:201)
	at anr.a(SourceFile:42)
	at gyk.a(SourceFile:183)
	... 25 more
Caused by: java.lang.IllegalStateException: Failed to load registries due to errors
	at amp.c(SourceFile:288)
	... 30 more
[20:47:24] [Render thread/INFO]: Stopping!
